\BOOKMARK [1][-]{section.1}{\376\377\225\356\230\230\221\315\217\360}{}% 1
\BOOKMARK [1][-]{section.2}{\376\377\225\356\230\230\122\006\147\220}{}% 2
\BOOKMARK [1][-]{section.3}{\376\377\152\041\127\213\120\107\213\276}{}% 3
\BOOKMARK [1][-]{section.4}{\376\377\173\046\123\367\213\364\146\016}{}% 4
\BOOKMARK [1][-]{section.5}{\376\377\152\041\127\213\166\204\136\372\172\313}{}% 5
\BOOKMARK [2][-]{subsection.5.1}{\376\377\230\234\202\162\166\370\117\074\136\246\166\204\213\241\173\227}{section.5}% 6
\BOOKMARK [2][-]{subsection.5.2}{\376\377\172\172\225\364\160\271\226\306\127\107\123\000\140\047\166\204\213\241\173\227}{section.5}% 7
\BOOKMARK [3][-]{subsubsection.5.2.1}{\376\377\162\354\123\140\176\277\000,\162\354\123\140\127\006\000,\162\354\123\140\164\003\000,\124\214\162\354\123\140\117\123\166\204\133\232\116\111}{subsection.5.2}% 8
\BOOKMARK [3][-]{subsubsection.5.2.2}{\376\377\160\271\226\306\127\107\123\000\140\047\166\204\213\241\173\227}{subsection.5.2}% 9
\BOOKMARK [1][-]{section.6}{\376\377\225\356\230\230\116\000\166\204\154\102\211\343}{}% 10
\BOOKMARK [1][-]{section.7}{\376\377\225\356\230\230\116\214\166\204\154\102\211\343}{}% 11
\BOOKMARK [2][-]{subsection.7.1}{\376\377\145\164\145\160\211\304\122\022\152\041\127\213\166\204\136\372\172\313}{section.7}% 12
\BOOKMARK [2][-]{subsection.7.2}{\376\377\145\164\145\160\211\304\122\022\152\041\127\213\166\204\154\102\211\343}{section.7}% 13
\BOOKMARK [2][-]{subsection.7.3}{\376\377\154\102\211\343\176\323\147\234}{section.7}% 14
\BOOKMARK [1][-]{section.8}{\376\377\225\356\230\230\116\011\166\204\154\102\211\343}{}% 15
\BOOKMARK [2][-]{subsection.8.1}{\376\377\210\150\163\260\122\233\226\217\145\260\130\236\230\234\202\162\145\160\221\317\166\204\121\163\174\373}{section.8}% 16
\BOOKMARK [2][-]{subsection.8.2}{\376\377\220\127\117\040\173\227\154\325\154\102\211\343\131\032\166\356\150\007\211\304\122\022}{section.8}% 17
\BOOKMARK [2][-]{subsection.8.3}{\376\377\161\265\147\103\154\325\170\156\133\232\213\304\116\367\147\103\221\315}{section.8}% 18
\BOOKMARK [2][-]{subsection.8.4}{\376\377\123\125\166\356\150\007\225\356\230\230\166\204\154\102\211\343}{section.8}% 19
\BOOKMARK [2][-]{subsection.8.5}{\376\377\154\102\211\343\176\323\147\234}{section.8}% 20
\BOOKMARK [1][-]{section.9}{\376\377\152\041\127\213\166\204\213\304\116\367}{}% 21
\BOOKMARK [2][-]{subsection.9.1}{\376\377\152\041\127\213\166\204\117\030\160\271}{section.9}% 22
\BOOKMARK [2][-]{subsection.9.2}{\376\377\152\041\127\213\166\204\177\072\160\271}{section.9}% 23
\BOOKMARK [1][-]{section.10}{\376\377\123\302\200\003\145\207\163\056}{}% 24
\BOOKMARK [1][-]{section.11}{\376\377\226\104\137\125}{}% 25
\BOOKMARK [2][-]{subsection.11.1}{\376\377\225\356\230\230\116\000\166\370\117\074\230\234\202\162\166\204\133\371\136\224\121\163\174\373}{section.11}% 26
\BOOKMARK [2][-]{subsection.11.2}{\376\377\225\356\230\230\116\214\130\236\122\240\166\204\000R\000G\000B\120\074}{section.11}% 27
\BOOKMARK [2][-]{subsection.11.3}{\376\377\000M\000a\000t\000l\000a\000b\116\343\170\001}{section.11}% 28
