Academic license - for non-commercial use only - expires 2021-06-20
Gurobi Optimizer version 9.1.1 build v9.1.1rc0 (win64)
Thread count: 4 physical cores, 8 logical processors, using up to 8 threads
Optimize a model with 582 rows, 102 columns and 582 nonzeros
Model fingerprint: 0x14ac1731
Model has 1260 quadratic constraints
Variable types: 42 continuous, 60 integer (0 binary)
Coefficient statistics:
  Matrix range     [1e+00, 1e+00]
  QMatrix range    [1e+00, 2e+00]
  QLMatrix range   [1e+00, 5e+02]
  Objective range  [1e+00, 1e+00]
  Bounds range     [0e+00, 0e+00]
  RHS range        [3e+02, 2e+05]
  QRHS range       [2e+04, 2e+05]
Found heuristic solution: objective 0.0000000
Presolve added 678 rows and 210 columns
Presolve time: 0.05s
Presolved: 2670 rows, 942 columns, 9180 nonzeros
Presolved model has 630 bilinear constraint(s)
Variable types: 252 continuous, 690 integer (0 binary)

Root relaxation: objective -1.242730e+06, 1777 iterations, 0.02 seconds

    Nodes    |    Current Node    |     Objective Bounds      |     Work
 Expl Unexpl |  Obj  Depth IntInf | Incumbent    BestBd   Gap | It/Node Time

     0     0 -1242730.1    0 1130    0.00000 -1242730.1      -     -    0s
H    0     0                    -118920.0000 -1242730.1   945%     -    0s
     0     0 -1242481.4    0  828 -118920.00 -1242481.4   945%     -    0s
     0     0 -1242457.4    0  810 -118920.00 -1242457.4   945%     -    0s
     0     0 -1242323.3    0  887 -118920.00 -1242323.3   945%     -    0s
     0     0 -1242278.4    0  813 -118920.00 -1242278.4   945%     -    0s
     0     0 -1242278.4    0  785 -118920.00 -1242278.4   945%     -    0s
     0     0 -1242278.4    0  780 -118920.00 -1242278.4   945%     -    0s
     0     0 -1242278.4    0  767 -118920.00 -1242278.4   945%     -    0s
     0     0 -1242278.4    0  764 -118920.00 -1242278.4   945%     -    0s
     0     0 -1242278.4    0  772 -118920.00 -1242278.4   945%     -    0s
     0     0 -1242278.4    0  760 -118920.00 -1242278.4   945%     -    0s
     0     2 -1242278.4    0  760 -118920.00 -1242278.4   945%     -    0s
H  698   747                    -127309.0000 -1219862.3   858%  60.5    1s
H  710   747                    -145599.0000 -1219862.3   738%  59.8    1s
H 2075  2116                    -150655.0000 -1219862.3   710%  49.2    2s
H 2616  2695                    -155353.0000 -1219862.3   685%  49.9    3s
H 2810  2915                    -160875.0000 -1219862.3   658%  50.6    3s
H 2951  2851                    -163908.0000 -1219855.0   644%  50.2    3s
* 3446  3290             434    -172449.0000 -1219855.0   607%  52.2    3s
  4086  3835 -209215.04  403  367 -172449.00 -1219855.0   607%  54.8    5s
* 6818  5317             518    -180307.0000 -1212544.2   572%  51.9    7s
H 8734  6454                    -212295.0000 -1212544.2   471%  47.5    9s
H 8952  6436                    -212306.0000 -1212544.2   471%  47.1    9s
H 9807  6853                    -212309.0000 -1212544.2   471%  45.0    9s
 10145  7005 -212311.00  509   37 -212309.00 -1212544.2   471%  44.2   10s
H10483  6777                    -212311.0000 -1212544.2   471%  43.6   10s
H10719  6507                    -224867.0000 -1212544.2   439%  43.2   10s
H10813  6127                    -241813.0000 -1212544.2   401%  42.9   10s
*11169  5932             454    -241829.0000 -1206749.9   399%  42.4   10s
H14219  8663                    -244049.0000 -1206749.9   394%  40.5   12s
H14313  8659                    -244743.0000 -1206749.9   393%  40.3   12s
H14642  8943                    -244744.0000 -1206717.7   393%  40.2   13s
 15887 10299 -512216.10  180  663 -244744.00 -1206717.7   393%  40.0   15s
*16738 10747             404    -247696.0000 -1205590.9   387%  39.2   15s
H20125 13712                    -249354.0000 -1203607.4   383%  37.9   18s
H20387 14649                    -249471.0000 -1203607.4   382%  37.8   18s
H20483 14647                    -250317.0000 -1203607.4   381%  37.7   18s
H20558 14643                    -250941.0000 -1203607.4   380%  37.6   18s
 21945 15906 -255439.60  273  249 -250941.00 -1202587.4   379%  36.8   20s
 25882 18743 -606702.94  186  589 -250941.00 -1201655.0   379%  36.0   26s
 31069 24788 -285627.69  318  416 -250941.00 -1200782.1   379%  34.2   30s
H31141 22859                    -257194.0000 -1200782.1   367%  34.2   30s
H31144 22843                    -257679.0000 -1200782.1   366%  34.2   30s
H37453 26876                    -257680.0000 -1197842.2   365%  33.8   34s
 37984 27492 -344187.22  311  501 -257680.00 -1196792.2   364%  33.8   35s
 43367 32303 -749488.60  103  740 -257680.00 -1196081.9   364%  34.3   40s
 49401 37997 -725611.28  116  877 -257680.00 -1193710.8   363%  34.9   45s
H51417 39304                    -257682.0000 -1193128.1   363%  34.7   46s
 55069 42964 -391186.63  173  767 -257682.00 -1191962.2   363%  34.7   50s
H58194 44442                    -265097.0000 -1190587.3   349%  34.9   52s
H58197 44442                    -265099.0000 -1190587.3   349%  34.9   52s
H59020 45336                    -265100.0000 -1190587.3   349%  34.8   52s
H59114 45336                    -265101.0000 -1190587.3   349%  34.8   52s
H59117 45336                    -265102.0000 -1190587.3   349%  34.8   52s
H59938 46157                    -265104.0000 -1190587.3   349%  34.7   53s
H60032 46155                    -265106.0000 -1190587.3   349%  34.7   53s
*60083 45949             508    -265113.0000 -1190587.3   349%  34.6   53s
*60085 45837             509    -265114.0000 -1190587.3   349%  34.6   53s
 61724 47672 -692095.86  114  850 -265114.00 -1189136.5   349%  34.8   55s
 66830 52202 -870924.16  110  866 -265114.00 -1188792.0   348%  35.0   60s
 73467 57992 -550912.28  259  487 -265114.00 -1188792.0   348%  35.5   65s
 79173 63563 -321280.45  355  246 -265114.00 -1188792.0   348%  35.4   70s
 85588 68875 -342937.51  195  526 -265114.00 -1186522.8   348%  35.5   75s
 91522 74757 -877723.84   72  900 -265114.00 -1186260.3   347%  35.9   80s
 96959 80014 -865787.32  119  813 -265114.00 -1185561.3   347%  36.6   85s
H101280 83423                    -265147.0000 -1185561.3   347%  36.5   88s
H101874 85121                    -265179.0000 -1185561.3   347%  36.4   88s
 103963 85939 -611946.45  273  535 -265179.00 -1185561.3   347%  36.1   90s
 110569 92060 -356433.95  389  285 -265179.00 -1185561.3   347%  35.9   95s
 116646 97276 -1067078.6   54  981 -265179.00 -1183436.7   346%  36.0  100s
 122711 102877 -679851.37  186  726 -265179.00 -1183436.7   346%  36.2  105s
 128172 108013 -399350.53  288  442 -265179.00 -1183436.7   346%  36.8  110s
 133732 113398 -980145.62   55  937 -265179.00 -1182559.8   346%  37.2  115s
 140631 119746 -516056.69  130  908 -265179.00 -1181030.9   345%  37.3  120s
 146601 124837     cutoff  201      -265179.00 -1180209.0   345%  37.1  125s
 152628 130186     cutoff  230      -265179.00 -1178998.5   345%  37.5  130s
 158408 135421 -992232.41   45 1066 -265179.00 -1178220.5   344%  37.7  135s
 163890 140756 -322812.00  199  621 -265179.00 -1178220.5   344%  37.8  140s
 169833 145750 -1021651.8   51  978 -265179.00 -1177597.8   344%  37.7  145s
 175619 151156 -329192.92  226  462 -265179.00 -1177143.7   344%  37.9  150s
 181494 156850 -330776.30  233  550 -265179.00 -1177143.7   344%  38.0  155s
 186974 161760 -470348.00  153  727 -265179.00 -1176797.9   344%  38.0  160s
 192866 167300 -1028168.9   67  994 -265179.00 -1176797.9   344%  37.9  165s
 199174 172862 -872091.95  104 1026 -265179.00 -1176797.9   344%  37.8  170s
 205417 178062 -724817.20  168  846 -265179.00 -1176797.9   344%  37.9  175s
 211473 184027 -565085.94  215  618 -265179.00 -1176797.9   344%  37.9  180s
H213923 185330                    -265208.0000 -1176797.9   344%  37.8  182s
 217428 188851 -449748.37  286  524 -265208.00 -1176797.9   344%  37.8  185s
 222565 193274 -292415.40  334  368 -265208.00 -1176797.9   344%  37.9  190s
H227682 197404                    -265209.0000 -1174868.9   343%  38.1  194s
 228147 198153 -823181.05  175  760 -265209.00 -1174868.9   343%  38.1  195s
 229838 198976 -779518.59  224  675 -265209.00 -1174868.9   343%  38.1  203s
 230922 200754 -727298.34  255  626 -265209.00 -1174868.9   343%  38.2  205s
H235018 204252                    -265210.0000 -1174868.9   343%  38.1  208s
 236684 205682 -487511.34  350  440 -265210.00 -1174868.9   343%  38.2  210s
H241306 207850                    -267284.0000 -1174868.9   340%  38.3  213s
H241309 207840                    -267315.0000 -1174868.9   340%  38.3  213s
*242356 208767             595    -267316.0000 -1174868.9   340%  38.2  214s
 242964 209534 -298323.10  420  328 -267316.00 -1174868.9   340%  38.2  215s
 249211 215325 -1149929.5   20 1024 -267316.00 -1173403.7   339%  38.3  220s
 254758 220624 -614271.26  105  902 -267316.00 -1173385.1   339%  38.2  225s
 260593 225717 -1027152.2   43 1073 -267316.00 -1173259.0   339%  38.3  230s
 265879 230680 -1013150.9   75  955 -267316.00 -1173172.6   339%  38.5  235s
 270605 234925 -690295.63  192  654 -267316.00 -1173172.6   339%  38.6  240s
 276004 240646 -450356.93  297  441 -267316.00 -1173172.6   339%  38.5  245s
H281119 243200                    -269934.0000 -1173172.6   335%  38.4  248s
H281122 243198                    -269935.0000 -1173172.6   335%  38.4  248s
H282009 243928                    -269938.0000 -1172904.3   335%  38.4  249s
H282106 243920                    -269946.0000 -1172904.3   334%  38.4  249s
 282159 244634 -945658.98   58  893 -269946.00 -1172904.3   334%  38.3  250s
H282789 244634                    -269947.0000 -1172904.3   334%  38.4  250s
H282792 244632                    -269948.0000 -1172904.3   334%  38.4  250s
H282886 244570                    -269952.0000 -1172904.3   334%  38.3  250s
H282889 244287                    -269954.0000 -1172904.3   334%  38.3  250s
 287695 248984 -353487.09  205  490 -269954.00 -1172690.3   334%  38.4  255s
 293731 254265 -472380.98  155  936 -269954.00 -1172551.0   334%  38.5  260s
H293994 253894                    -270357.0000 -1172551.0   334%  38.5  260s
H294088 252770                    -271742.0000 -1172551.0   331%  38.5  260s
*295040 253428             550    -271743.0000 -1172439.3   331%  38.5  261s
 299555 257149 -1085020.5   34  971 -271743.00 -1172276.0   331%  38.5  265s
 305326 262843 -361667.91  245  419 -271743.00 -1172245.2   331%  38.5  270s
H307892 264457                    -271744.0000 -1172245.2   331%  38.4  272s
 311201 267621 -446508.17  170  774 -271744.00 -1171919.8   331%  38.5  275s
 316346 272233     cutoff  213      -271744.00 -1171820.6   331%  38.6  280s
H321106 276426                    -271745.0000 -1171793.3   331%  38.7  284s
H321288 276423                    -271746.0000 -1171793.3   331%  38.8  284s
H321382 276414                    -271747.0000 -1171793.3   331%  38.8  284s
 321554 277290 -310730.92  202  508 -271747.00 -1171772.4   331%  38.8  285s
 327812 282898 -369256.50  231  606 -271747.00 -1171678.7   331%  38.8  290s
H329935 284247                    -271748.0000 -1171678.7   331%  38.8  292s
 332937 286758 -272334.71  215  674 -271748.00 -1171415.5   331%  38.8  295s
 338408 291941 -306379.32  234  418 -271748.00 -1171258.5   331%  38.9  300s
H343630 296341                    -271750.0000 -1171122.1   331%  39.0  304s
H343900 296335                    -271751.0000 -1171122.1   331%  39.0  304s
 344113 297075 -386699.07  163  716 -271751.00 -1171120.1   331%  39.0  305s
 349530 302144 -429829.81  161  730 -271751.00 -1171093.5   331%  39.2  310s
 355120 306947 -363740.96  215  554 -271751.00 -1171093.5   331%  39.2  315s
 359908 311800 -1011531.4   65  889 -271751.00 -1170923.0   331%  39.2  320s
 365180 316929 -686406.00  173  784 -271751.00 -1170923.0   331%  39.3  325s
 370984 322154 -458851.21  250  608 -271751.00 -1170923.0   331%  39.3  330s
 376711 327294 -1107023.4   38  975 -271751.00 -1170800.9   331%  39.4  335s
 382269 332553 -741626.48  161  760 -271751.00 -1170800.9   331%  39.5  340s
H384668 334408                    -271753.0000 -1170800.9   331%  39.5  342s
 387380 337211 -566746.03  258  488 -271753.00 -1170800.9   331%  39.6  345s
H390711 339116                    -272561.0000 -1170800.9   330%  39.6  347s
 392810 341278 -358430.70  335  298 -272561.00 -1170800.9   330%  39.6  350s
 398826 347086 -953384.63   90  941 -272561.00 -1170660.1   330%  39.6  355s
H400936 348479                    -272562.0000 -1170660.1   330%  39.6  356s
 404340 352039 -706621.98  179  839 -272562.00 -1170660.1   330%  39.6  360s
 410085 357066 -476463.32  243  586 -272562.00 -1170660.1   330%  39.6  365s
 415095 361470 -289912.49  336  314 -272562.00 -1169915.7   329%  39.6  370s
H415097 361470                    -272563.0000 -1169915.7   329%  39.6  370s
H415296 361470                    -272564.0000 -1169915.7   329%  39.6  370s
 420827 367030 -344469.55  183  697 -272564.00 -1169735.1   329%  39.6  375s
 426783 372325 -1105463.1   37  972 -272564.00 -1169673.4   329%  39.6  380s
 431806 377096 -900383.76  100 1028 -272564.00 -1169673.4   329%  39.7  385s
H435491 380278                    -272591.0000 -1169673.4   329%  39.7  388s
 437688 382223 -790398.38  133  956 -272591.00 -1169673.4   329%  39.7  390s
 443169 387241 -718152.24  177  923 -272591.00 -1169673.4   329%  39.8  395s
 448409 392553 -567045.25  222  794 -272591.00 -1169673.4   329%  39.9  400s
H451038 394944                    -272592.0000 -1169673.4   329%  39.9  402s
 453568 397125 -391304.42  287  468 -272592.00 -1169673.4   329%  39.9  405s
 459630 402950     cutoff  239      -272592.00 -1169333.1   329%  39.9  410s
H464623 407135                    -272595.0000 -1169261.7   329%  39.9  414s
 465061 407944 -885904.79   94 1069 -272595.00 -1169261.7   329%  40.0  415s
 470105 412930 -607143.35  165  742 -272595.00 -1169261.7   329%  40.0  420s
H472702 411226                    -276323.0000 -1169261.7   323%  40.0  422s
H472705 411225                    -276324.0000 -1169261.7   323%  40.0  422s
 475911 414566 -442251.91  225  573 -276324.00 -1169261.7   323%  39.9  425s
 481683 419476 -491740.44  178  709 -276324.00 -1169255.1   323%  39.9  430s
 487280 424589 -612731.79  112  893 -276324.00 -1168727.5   323%  40.0  435s
 492178 428833 -277808.11  212  570 -276324.00 -1168569.7   323%  40.1  440s
 497604 433700 -421896.22  165  721 -276324.00 -1168409.7   323%  40.2  445s
 502652 438108 -417253.23  139  858 -276324.00 -1168379.5   323%  40.2  450s
 508158 443081 -989106.18   48  990 -276324.00 -1168259.0   323%  40.3  455s
 513020 447683 -1136416.0   26  918 -276324.00 -1168213.2   323%  40.4  460s
 518323 452779 -290419.71  317  333 -276324.00 -1168202.4   323%  40.4  465s
 523678 458003 -346183.81  198  712 -276324.00 -1168202.4   323%  40.4  470s
 528916 462648 -621826.17  120  941 -276324.00 -1168039.4   323%  40.4  475s
 534066 467274 -312191.17  227  493 -276324.00 -1167936.0   323%  40.4  480s
 539007 471850 -1012596.2   53  954 -276324.00 -1167890.6   323%  40.4  485s
 544742 477295 -1024344.1   72  934 -276324.00 -1167785.2   323%  40.5  490s
 550259 482425 -787031.67  160  901 -276324.00 -1167785.2   323%  40.5  495s
H554901 486015                    -276325.0000 -1167785.2   323%  40.5  499s
 555032 486720 -537951.07  208  676 -276325.00 -1167785.2   323%  40.5  500s
 560485 491767 -303636.12  300  351 -276325.00 -1167368.3   322%  40.5  505s
 565406 495748 -277006.46  229  547 -276325.00 -1167283.3   322%  40.6  510s
H568263 497718                    -276326.0000 -1167219.9   322%  40.6  513s
H568427 497718                    -276327.0000 -1167219.9   322%  40.6  513s
 569372 499145 -385194.69  191  571 -276327.00 -1167188.9   322%  40.6  515s
 574680 503841 -522349.73  129  830 -276327.00 -1167171.1   322%  40.6  520s
 579514 507686 -670436.22  108 1003 -276327.00 -1167132.1   322%  40.6  525s
 584679 512193 -973983.19   53 1117 -276327.00 -1166987.3   322%  40.7  530s
 589389 516546 -784921.25   89  929 -276327.00 -1166961.8   322%  40.8  535s
 594445 521384 -539144.31  204  683 -276327.00 -1166961.8   322%  40.9  540s
 598249 524471 -449652.44  264  603 -276327.00 -1166961.8   322%  40.9  545s
H600291 526136                    -276328.0000 -1166961.8   322%  40.9  549s
 600409 526481 -373173.58  299  413 -276328.00 -1166961.8   322%  40.9  550s
 603125 529560 -942557.95   85  920 -276328.00 -1166839.9   322%  40.9  555s
 608729 534440 -678693.69  213  603 -276328.00 -1166839.9   322%  40.9  560s
 612991 538307 -486737.48  283  519 -276328.00 -1166839.9   322%  40.9  565s
H614024 538699                    -276329.0000 -1166839.9   322%  40.9  566s
 614385 538707 -436941.61  308  382 -276329.00 -1166839.9   322%  40.9  573s
 614777 539861 -409552.27  312  363 -276329.00 -1166839.9   322%  40.9  575s
 619444 543821     cutoff  249      -276329.00 -1166575.7   322%  41.0  580s
H621056 544593                    -276422.0000 -1166560.3   322%  41.0  581s
 625353 548128 -951532.81  105  923 -276422.00 -1166507.7   322%  41.0  585s
 629949 552642 -688750.42  196  787 -276422.00 -1166507.7   322%  41.2  590s
 634771 557098 -493012.03  273  564 -276422.00 -1166507.7   322%  41.2  595s
H634999 557097                    -276424.0000 -1166507.7   322%  41.2  595s
H635097 557096                    -276425.0000 -1166507.7   322%  41.2  595s
 640256 562038 -302771.45  379  244 -276425.00 -1166487.4   322%  41.2  600s
 645544 567049 -923712.77   47 1084 -276425.00 -1166341.7   322%  41.2  605s
 651024 572863 -278845.13  357  112 -276425.00 -1166318.7   322%  41.2  610s
H651041 569597                    -278708.0000 -1166318.7   318%  41.2  610s
H653154 569153                    -278709.0000 -1166304.0   318%  41.1  611s
 656345 572570 -514150.69  162  700 -278709.00 -1166304.0   318%  41.2  615s
 661528 577332 -853629.66   97 1013 -278709.00 -1166276.5   318%  41.2  620s
 666040 581596 -902465.22  118  985 -278709.00 -1166271.4   318%  41.3  625s
H666858 582147                    -278710.0000 -1166271.4   318%  41.3  626s
 670998 586430 -648115.43  180  797 -278710.00 -1166271.4   318%  41.3  630s
 676326 591269 -444093.93  260  501 -278710.00 -1166271.4   318%  41.3  635s
 681003 595225 -1106702.8   40 1062 -278710.00 -1166217.1   318%  41.3  640s
 686674 601048 -725492.38  217  603 -278710.00 -1166217.1   318%  41.4  645s
 692431 606484 -465931.60  315  438 -278710.00 -1166217.1   318%  41.4  650s
 697062 610979 -331999.63  376  349 -278710.00 -1166217.1   318%  41.3  655s
 702147 615029 -796648.50   66  907 -278710.00 -1166168.1   318%  41.3  660s
 706870 619033 -397975.96  172  877 -278710.00 -1166113.9   318%  41.3  665s
 712214 623684 -281225.37  238  533 -278710.00 -1166040.0   318%  41.3  670s
H712226 623683                    -278711.0000 -1166040.0   318%  41.3  670s
 716539 627880 -796794.32  141  804 -278711.00 -1166040.0   318%  41.3  675s
 721607 632829 -559659.10  257  487 -278711.00 -1166040.0   318%  41.4  680s
H726001 636368                    -278712.0000 -1166040.0   318%  41.4  684s
 726537 637087 -376053.81  347  280 -278712.00 -1166040.0   318%  41.4  685s
 731795 641571 -1135355.7   37 1035 -278712.00 -1165913.7   318%  41.4  690s
 737165 647037 -868531.79   98  907 -278712.00 -1165913.7   318%  41.4  695s
 742414 652139 -689528.96  171  700 -278712.00 -1165913.7   318%  41.4  700s
 747630 657188 -489500.03  250  426 -278712.00 -1165913.7   318%  41.4  705s
 752926 661950 -859984.50   83  972 -278712.00 -1165851.2   318%  41.3  710s
 758533 666951 -614384.78  157  892 -278712.00 -1165839.7   318%  41.3  715s
 762651 670155 -994763.23   82 1055 -278712.00 -1165807.7   318%  41.3  720s
 768449 675400 -616603.98  195  729 -278712.00 -1165807.7   318%  41.3  725s
 773806 680337 -439362.33  250  580 -278712.00 -1165807.7   318%  41.3  730s
H775006 680846                    -278713.0000 -1165807.7   318%  41.3  731s
 778466 684796 -751441.79   81  921 -278713.00 -1165711.8   318%  41.4  735s
 784140 690161 -1110817.4   35 1108 -278713.00 -1165701.1   318%  41.4  740s
H785933 691890                    -278715.0000 -1165701.1   318%  41.4  742s
 789429 695375 -722349.10  164  760 -278715.00 -1165701.1   318%  41.4  745s
 792329 698231 -645071.25  211  690 -278715.00 -1165701.1   318%  41.4  750s
 797823 702982 -406571.25  297  549 -278715.00 -1165701.1   318%  41.4  755s
H799572 704189                    -278716.0000 -1165701.1   318%  41.4  756s
 802463 707163 -770312.57  104  929 -278716.00 -1165647.0   318%  41.4  760s
 807579 712237 -460914.87  152  788 -278716.00 -1165601.5   318%  41.4  765s
 813184 717288 -577913.50  127  809 -278716.00 -1165594.0   318%  41.4  770s
 818133 721616 -357012.57  300  388 -278716.00 -1165558.3   318%  41.4  775s
 823666 726269 -622239.56  140  822 -278716.00 -1165531.7   318%  41.4  780s
H824746 726970                    -278717.0000 -1165516.3   318%  41.4  781s
 828616 730746 -781483.61  156  684 -278717.00 -1165516.3   318%  41.4  785s
 833769 735448 -609550.73  269  568 -278717.00 -1165516.3   318%  41.4  790s
H838143 739399                    -278718.0000 -1165516.3   318%  41.4  794s
H838256 739391                    -278719.0000 -1165516.3   318%  41.4  794s
 838752 740321 -391688.40  351  311 -278719.00 -1165516.3   318%  41.4  795s
 843117 744364 -855127.23   81  902 -278719.00 -1165516.3   318%  41.4  800s
 848524 748952 -291421.64  221  438 -278719.00 -1165369.2   318%  41.3  805s
 853603 753066 -363010.55  205  705 -278719.00 -1165322.0   318%  41.4  810s
 858439 757288 -621136.12  112  907 -278719.00 -1165257.8   318%  41.4  815s
 863362 761566 -917256.72  101  874 -278719.00 -1165161.0   318%  41.4  820s
 868343 765917 -695834.08  232  642 -278719.00 -1165161.0   318%  41.4  825s
 872900 770587 -463757.02  322  372 -278719.00 -1165161.0   318%  41.4  830s
 877640 775259 -314689.11  367  266 -278719.00 -1165161.0   318%  41.4  835s
 882757 779754 -1080633.4   42 1130 -278719.00 -1165045.9   318%  41.4  840s
H883343 779751                    -278720.0000 -1165045.9   318%  41.4  840s
 887092 783860 -717958.00  125  914 -278720.00 -1165045.9   318%  41.4  845s
 892988 789540 -410779.15  234  413 -278720.00 -1165045.9   318%  41.4  850s
H896752 792843                    -278721.0000 -1165028.1   318%  41.4  854s
H896818 792832                    -278723.0000 -1165028.1   318%  41.4  854s
 897315 793689 -659179.20  110  993 -278723.00 -1165028.1   318%  41.4  855s
 902188 798058 -495437.55  147  670 -278723.00 -1164845.6   318%  41.4  860s
 907672 802957 -1089166.0   37 1220 -278723.00 -1164758.9   318%  41.4  865s
 911919 807068 -661048.39   93  839 -278723.00 -1164758.9   318%  41.4  870s
 916951 811718 -452165.78  222  404 -278723.00 -1164758.9   318%  41.4  875s
 921830 815916 -470296.54  154  716 -278723.00 -1164659.1   318%  41.4  880s
 926437 820312 -972873.34   91  882 -278723.00 -1164560.9   318%  41.5  885s
 930886 824817 -763925.24  162  843 -278723.00 -1164560.9   318%  41.5  890s
 936147 829390 -499905.77  246  676 -278723.00 -1164560.9   318%  41.5  895s
 941208 834056 -290705.29  356  261 -278723.00 -1164438.3   318%  41.5  900s
 945864 838254 -354302.58  207  594 -278723.00 -1164268.8   318%  41.5  905s
 950219 841862 -497683.01  155  793 -278723.00 -1164225.8   318%  41.5  910s
 951016 842370 -344541.18  194  689 -278723.00 -1164221.6   318%  41.5  916s
H952172 843275                    -278724.0000 -1164221.6   318%  41.5  918s
 954064 845129 -875435.76   76  908 -278724.00 -1164171.8   318%  41.5  920s
 958977 849751 -349208.87  206  709 -278724.00 -1164091.5   318%  41.5  925s
 963488 853474 -957310.78   73  968 -278724.00 -1164020.3   318%  41.5  930s
 968608 858238 -687838.34  131  895 -278724.00 -1163936.6   318%  41.5  935s
 973234 862043 -1101513.7   34 1310 -278724.00 -1163769.5   318%  41.5  940s
 978342 866538 -612296.29  126  790 -278724.00 -1163662.7   317%  41.5  945s
 983427 871120 -281666.52  329  259 -278724.00 -1163554.1   317%  41.6  950s
 987762 875186 -492632.12  139  799 -278724.00 -1163551.3   317%  41.5  955s
 993574 880449 -293876.10  225  463 -278724.00 -1163477.7   317%  41.6  960s
 998342 884945 -773208.89  111  863 -278724.00 -1163475.5   317%  41.6  965s
 1002932 888787 -282326.03  246  272 -278724.00 -1163424.9   317%  41.5  970s
 1008252 893766 -968684.45  103  933 -278724.00 -1163284.5   317%  41.6  975s
 1012894 898098 -684086.85  235  680 -278724.00 -1163284.5   317%  41.6  980s
 1018095 903518 -495064.74  314  527 -278724.00 -1163284.5   317%  41.6  985s
 1022126 907356 -348208.30  372  363 -278724.00 -1163284.5   317%  41.5  990s
 1027233 911793 -296038.38  184  592 -278724.00 -1162980.1   317%  41.5  995s
 1032959 917126 -576253.07  151  832 -278724.00 -1162942.2   317%  41.5 1000s
 1037537 921516 -280125.06  233  408 -278724.00 -1162916.9   317%  41.5 1005s
 1042195 926008 -399419.43  152  754 -278724.00 -1162888.4   317%  41.5 1010s

Interrupt request received

Cutting planes:
  Gomory: 60
  RLT: 298

Explored 1046807 nodes (43498187 simplex iterations) in 1014.49 seconds
Thread count was 8 (of 8 available processors)

Solution count 10: -278724 -278723 -278721 ... -278713

Solve interrupted
Best objective -2.787240000000e+05, best bound -1.162816728285e+06, gap 317.1929%

ans =

  列 1 至 18

   103   113   255    91   186     0   253   179   113   149     3   197     0   255     0     0   101   111

  列 19 至 20

   176   254


ans =

  列 1 至 18

    45    81   180   239   255     0   171    74     0   213   255   176   112    33   234     0   149   145

  列 19 至 20

   101    74


ans =

  列 1 至 18

     1   255   129   179   173   255    50   155    81   100   111    12     0   255     0   114   164     4

  列 19 至 20

     2    81


ans =

     -278724

