Academic license - for non-commercial use only - expires 2021-06-20
Gurobi Optimizer version 9.1.1 build v9.1.1rc0 (win64)
Thread count: 4 physical cores, 8 logical processors, using up to 8 threads
Optimize a model with 528 rows, 66 columns and 528 nonzeros
Model fingerprint: 0x55cb8ed6
Model has 594 quadratic constraints
Variable types: 33 continuous, 33 integer (0 binary)
Coefficient statistics:
  Matrix range     [1e+00, 1e+00]
  QMatrix range    [1e+00, 2e+00]
  QLMatrix range   [1e+00, 5e+02]
  Objective range  [1e+00, 1e+00]
  Bounds range     [0e+00, 0e+00]
  RHS range        [3e+02, 2e+05]
  QRHS range       [2e+04, 2e+05]
Found heuristic solution: objective 0.0000000
Presolve added 66 rows and 66 columns
Presolve time: 0.02s
Presolved: 1023 rows, 330 columns, 3762 nonzeros
Presolved model has 198 bilinear constraint(s)
Variable types: 99 continuous, 231 integer (0 binary)

Root relaxation: objective -7.394523e+05, 603 iterations, 0.00 seconds

    Nodes    |    Current Node    |     Objective Bounds      |     Work
 Expl Unexpl |  Obj  Depth IntInf | Incumbent    BestBd   Gap | It/Node Time

     0     0 -739452.28    0  374    0.00000 -739452.28      -     -    0s
H    0     0                    -118920.0000 -739452.28   522%     -    0s
     0     0 -739315.52    0  285 -118920.00 -739315.52   522%     -    0s
     0     0 -739302.30    0  271 -118920.00 -739302.30   522%     -    0s
     0     0 -739228.59    0  292 -118920.00 -739228.59   522%     -    0s
     0     0 -739203.85    0  267 -118920.00 -739203.85   522%     -    0s
     0     0 -739203.85    0  260 -118920.00 -739203.85   522%     -    0s
     0     0 -739203.85    0  259 -118920.00 -739203.85   522%     -    0s
     0     0 -739203.85    0  262 -118920.00 -739203.85   522%     -    0s
     0     0 -739203.85    0  263 -118920.00 -739203.85   522%     -    0s
     0     0 -739203.85    0  266 -118920.00 -739203.85   522%     -    0s
     0     0 -739203.85    0  266 -118920.00 -739203.85   522%     -    0s
     0     2 -739203.85    0  266 -118920.00 -739203.85   522%     -    0s
H  983  1029                    -146913.0000 -716787.80   388%  28.0    0s
H 1168  1199                    -177451.0000 -716787.80   304%  27.8    0s
H 1931  1922                    -185575.0000 -712536.60   284%  28.5    0s
H 1944  1922                    -185743.0000 -712536.60   284%  28.3    0s
H 2022  1975                    -185840.0000 -712536.60   283%  28.2    1s
H 2023  1975                    -185891.0000 -712536.60   283%  28.2    1s
H 3981  3255                    -224297.0000 -709469.68   216%  25.4    2s
H 4610  3451                    -224303.0000 -709469.68   216%  24.3    2s
* 4625  3257             200    -224306.0000 -703781.09   214%  24.2    2s
H 8566  5692                    -226310.0000 -702288.27   210%  22.7    3s
H 8861  5814                    -226354.0000 -702288.27   210%  22.4    3s
H 8864  5814                    -226355.0000 -702288.27   210%  22.4    3s
* 8908  5785             173    -226361.0000 -702288.27   210%  22.3    3s
*11659  7879             155    -239286.0000 -697832.79   192%  23.1    4s
 13910  9926 -472098.74   66  297 -239286.00 -697405.68   191%  24.0    5s
 28445 22930 -287228.09  140  177 -239286.00 -687509.09   187%  25.6   10s
*40494 32897             424    -239287.0000 -684000.39   186%  25.2   13s
H45238 37001                    -239288.0000 -682484.25   185%  25.3   14s
 46815 38571 -546487.54   57  358 -239288.00 -682454.99   185%  25.4   15s
H64292 49243                    -239289.0000 -677767.44   183%  23.5   18s
*65422 49945             291    -239290.0000 -677767.44   183%  23.3   19s
 68288 52519 -434994.07   72  250 -239290.00 -676718.16   183%  23.3   20s
H76246 58325                    -239686.0000 -675370.04   182%  23.1   22s
H76817 55920                    -249421.0000 -675370.04   171%  23.0   22s
H77487 56317                    -249438.0000 -674854.85   171%  23.0   22s
 86071 63559 -554064.32   47  353 -249438.00 -673736.80   170%  23.4   25s
H90791 67354                    -249440.0000 -672423.41   170%  23.6   26s
 100459 76046 -402482.61   76  301 -249440.00 -671800.57   169%  23.7   30s
 118132 91285 -401370.66   87  279 -249440.00 -670810.99   169%  24.2   35s
H131333 101701                    -249441.0000 -669883.48   169%  24.4   38s
 135151 105636 -515644.25   60  298 -249441.00 -669479.54   168%  24.5   40s
H145184 114363                    -249442.0000 -669231.06   168%  24.6   43s
H145307 114352                    -249443.0000 -669231.06   168%  24.6   43s
 152090 120404 -506197.54   62  291 -249443.00 -668673.52   168%  24.7   45s
 169814 135090 -252912.09  126  152 -249443.00 -668022.15   168%  24.9   50s
 177117 141942 -300394.60   95  303 -249443.00 -667947.81   168%  25.1   55s
 195432 156042 -532986.53   64  309 -249443.00 -667206.38   167%  25.1   60s
 210401 169480 -305177.71  176  140 -249443.00 -667032.86   167%  25.4   65s
 226598 182470 -396321.53   79  254 -249443.00 -666358.52   167%  25.5   70s
 243684 196844 -512862.91   57  351 -249443.00 -665777.61   167%  25.6   75s
 260804 211303 -311322.04  139  207 -249443.00 -665180.51   167%  25.8   80s
 278709 225772 -289177.53  104  270 -249443.00 -664465.65   166%  25.8   85s
 296591 240817 -565557.43   45  300 -249443.00 -663913.47   166%  25.8   90s
 314263 255767 -361828.82   73  321 -249443.00 -663494.80   166%  25.8   95s
 331637 269998 -505702.84   82  280 -249443.00 -662939.50   166%  25.8  100s
H343235 279703                    -249444.0000 -662651.70   166%  25.9  103s
 348684 284545 -608866.88   42  388 -249444.00 -662457.79   166%  25.9  105s
 365843 298462 -609606.08   37  319 -249444.00 -661896.89   165%  25.9  110s
 383856 313040 -424432.22   62  315 -249444.00 -661490.41   165%  26.0  115s
 401009 326967 -614508.86   33  308 -249444.00 -660889.20   165%  25.9  120s
 417556 342123 -251525.81  124  243 -249444.00 -660744.93   165%  26.0  125s
 435060 356912 -330589.36   89  222 -249444.00 -660351.04   165%  26.1  130s
 453465 372429 -252481.26  129  191 -249444.00 -660130.41   165%  26.1  135s
 472677 388864 -544059.39   64  338 -249444.00 -659970.63   165%  26.0  140s
 490197 403875 -567779.50   56  307 -249444.00 -659854.77   165%  26.0  145s
 506865 417516 -457344.14   97  243 -249444.00 -659786.41   165%  26.0  150s
 522592 432174 -433176.63  139  250 -249444.00 -659706.41   164%  26.1  155s
 541306 447907 -251428.26  109  269 -249444.00 -659590.51   164%  26.1  160s
 559622 463114     cutoff  144      -249444.00 -659412.84   164%  26.0  165s
 578138 478199 -545533.71   67  276 -249444.00 -659159.32   164%  26.0  170s
 595908 492196 -262602.04  117  144 -249444.00 -658911.65   164%  26.0  175s
 614252 508423 -257184.14  128  256 -249444.00 -658800.48   164%  26.1  180s
 632503 523216 -320774.36   87  205 -249444.00 -658693.90   164%  26.1  185s
 650352 537316 -628622.14   50  314 -249444.00 -658555.37   164%  26.1  190s
 668394 551388 -260635.22  114  235 -249444.00 -658434.90   164%  26.1  195s
 685814 565708 -602155.51   43  297 -249444.00 -658315.59   164%  26.1  200s
 702746 580082 -292587.40  163  136 -249444.00 -658221.37   164%  26.1  205s
H707299 572928                    -254163.0000 -658151.71   159%  26.1  208s
H707302 572611                    -254278.0000 -658151.71   159%  26.1  208s
 712384 576891 -604865.00   67  301 -254278.00 -658115.82   159%  26.1  210s
H713608 577621                    -254279.0000 -658115.82   159%  26.1  210s
 729693 590623 -438212.05   64  215 -254279.00 -657989.99   159%  26.1  215s
 747716 605736 -354166.87  106  263 -254279.00 -657946.30   159%  26.2  220s
 765243 619608 -476206.88   68  350 -254279.00 -657798.16   159%  26.2  225s
H770447 624511                    -254280.0000 -657775.59   159%  26.2  226s
 785036 634776 -294000.34   99  246 -254280.00 -657697.32   159%  26.2  230s
 803785 649737 -460255.14   73  237 -254280.00 -657621.76   159%  26.2  235s
 822131 664765 -514136.25   88  318 -254280.00 -657574.59   159%  26.2  240s
 839853 679968 -414816.77   68  262 -254280.00 -657518.49   159%  26.2  245s
 857881 694498 -577888.30   46  364 -254280.00 -657447.99   159%  26.3  250s
 874853 709065 -259588.47  107  216 -254280.00 -657413.33   159%  26.3  255s
 892971 724173 -362583.90   78  266 -254280.00 -657343.59   159%  26.3  260s
 911049 738822 -259114.03  194  184 -254280.00 -657279.17   158%  26.4  265s
 927717 753032 -403903.36   90  298 -254280.00 -657229.68   158%  26.4  270s
 937178 761198 -256603.86  133  130 -254280.00 -657206.52   158%  26.4  275s
 954278 775981 -265914.85  169  175 -254280.00 -657165.07   158%  26.5  280s
 970796 790390 -323436.06  108  165 -254280.00 -657110.69   158%  26.5  285s
 988597 804474 -370800.37   97  303 -254280.00 -657032.98   158%  26.5  290s
 1004098 817346 -429364.37   80  211 -254280.00 -656977.20   158%  26.5  295s
 1021790 831333 -307133.15  144  208 -254280.00 -656898.25   158%  26.5  300s
 1039601 845704 -258177.49  112  245 -254280.00 -656822.13   158%  26.5  305s
 1057024 859143 -405915.51  102  237 -254280.00 -656742.69   158%  26.5  310s
 1074585 873638 -259381.06  112  244 -254280.00 -656680.78   158%  26.6  315s
 1092463 889833 -353946.51  137  227 -254280.00 -656638.16   158%  26.6  320s
 1110952 904653 -306567.75   88  286 -254280.00 -656570.85   158%  26.6  325s
 1128152 919179 -537190.06   50  324 -254280.00 -656500.73   158%  26.6  330s
 1145532 933370 -357041.89   84  297 -254280.00 -656434.48   158%  26.7  335s
*1150021 934784             210    -254715.0000 -656425.43   158%  26.6  336s
*1150040 934781             214    -254716.0000 -656425.43   158%  26.6  336s
 1163870 946728 -423850.40   63  293 -254716.00 -656383.42   158%  26.6  340s
 1181467 960826 -318627.84   88  220 -254716.00 -656318.16   158%  26.6  345s
 1198771 974900 -534164.05   52  294 -254716.00 -656260.94   158%  26.6  350s
 1216946 989551 -332633.16  111  260 -254716.00 -656205.89   158%  26.7  355s
 1233603 1003451 -494918.18   48  298 -254716.00 -656140.76   158%  26.7  360s
 1250051 1016856 -320164.52   96  262 -254716.00 -656089.27   158%  26.7  365s
 1260221 1024368 -421002.98   68  317 -254716.00 -656037.79   158%  26.7  370s
 1277804 1039553 -295070.48  115  158 -254716.00 -656006.90   158%  26.7  375s
 1296090 1054372 -441210.87   66  314 -254716.00 -655937.36   158%  26.7  380s
 1312448 1068532 -532661.63   53  341 -254716.00 -655914.49   158%  26.8  385s
 1329335 1083126 -281962.72  136  144 -254716.00 -655865.87   157%  26.8  390s
*1336655 1085670            3332    -254717.0000 -655855.93   157%  26.7  391s
 1349783 1097259 -328270.72  117  218 -254717.00 -655819.81   157%  26.7  395s
H1350920 1097693                    -254718.0000 -655818.42   157%  26.7  395s
 1366698 1110170 -394791.92   79  281 -254718.00 -655745.14   157%  26.7  400s
 1383727 1123685 -478335.75   60  250 -254718.00 -655685.08   157%  26.7  405s
 1400274 1136932 -507022.75   69  313 -254718.00 -655627.71   157%  26.7  410s
 1417720 1152551 -403790.08   87  271 -254718.00 -655595.63   157%  26.7  415s
 1434776 1166882 -612500.11   41  324 -254718.00 -655558.61   157%  26.7  420s
 1452221 1181639 -273454.09  181  146 -254718.00 -655509.14   157%  26.7  425s
 1468253 1193865 -362818.53   73  312 -254718.00 -655445.34   157%  26.7  430s
 1485342 1207487 -377459.20  137  268 -254718.00 -655390.90   157%  26.7  435s
 1500967 1220735 -262343.43  119  156 -254718.00 -655343.52   157%  26.7  440s
 1518377 1235809 -539497.08   54  309 -254718.00 -655295.94   157%  26.7  445s
 1528286 1243855 -576541.06   50  338 -254718.00 -655263.94   157%  26.7  450s
 1545044 1257909 -255043.07  127  233 -254718.00 -655218.46   157%  26.7  455s
 1561830 1271192 -324142.76   82  247 -254718.00 -655163.34   157%  26.7  460s
 1577616 1284280 -255591.78  127  193 -254718.00 -655119.86   157%  26.7  465s
 1593600 1297420     cutoff  123      -254718.00 -655072.96   157%  26.8  470s
H1603981 1304944                    -254719.0000 -655043.38   157%  26.8  473s
 1608807 1309526     cutoff  113      -254719.00 -655030.03   157%  26.8  475s
 1624185 1322976 -267297.23  149  131 -254719.00 -655007.14   157%  26.7  480s
 1641638 1336014 -426332.45   76  273 -254719.00 -654944.27   157%  26.7  485s
 1655996 1347695 -466849.60   73  338 -254719.00 -654913.60   157%  26.7  490s
 1670700 1358962 -619831.83   41  334 -254719.00 -654849.62   157%  26.7  495s
 1686203 1371232 -463139.31   73  328 -254719.00 -654803.52   157%  26.7  500s
 1700767 1383696 -437365.37   78  267 -254719.00 -654769.43   157%  26.7  505s
 1715347 1395764 -340108.13  104  260 -254719.00 -654750.22   157%  26.7  510s
 1729804 1408764 -392986.15  113  253 -254719.00 -654702.96   157%  26.7  515s
 1745460 1422033 -599979.36   41  363 -254719.00 -654676.00   157%  26.7  520s
 1759971 1433345 -328938.74   87  259 -254719.00 -654628.53   157%  26.7  525s
 1775227 1445293 -326930.29  111  202 -254719.00 -654591.64   157%  26.7  532s
 1783255 1452785 -398562.79   69  288 -254719.00 -654574.33   157%  26.7  535s
 1797646 1464362 -325164.55  124  236 -254719.00 -654527.55   157%  26.7  540s
 1812935 1476985 -312558.18   75  326 -254719.00 -654498.89   157%  26.7  545s
 1828033 1488867 -380140.42   84  287 -254719.00 -654454.21   157%  26.7  550s
 1842507 1501052 -483518.16   59  254 -254719.00 -654413.11   157%  26.7  555s
 1857487 1513300 -489370.47   55  332 -254719.00 -654372.75   157%  26.7  560s
 1873099 1525241 -306853.75  130  187 -254719.00 -654328.52   157%  26.7  565s
 1887750 1536418 -280054.24   96  268 -254719.00 -654285.66   157%  26.7  570s
 1903425 1549966 -386742.46  124  204 -254719.00 -654262.22   157%  26.8  575s
 1917084 1560940 -471178.08   61  254 -254719.00 -654209.19   157%  26.8  580s
 1934176 1575487 -341248.76   85  229 -254719.00 -654182.60   157%  26.8  585s
 1949649 1588272 -424787.06   74  255 -254719.00 -654149.33   157%  26.8  590s
 1965855 1601039 -288313.24   93  254 -254719.00 -654100.91   157%  26.8  595s
 1981589 1614758 -456807.84   56  302 -254719.00 -654071.04   157%  26.8  600s
 1996697 1627406 -289497.95   68  292 -254719.00 -654044.41   157%  26.8  605s
 2007071 1635730 -581656.82   44  313 -254719.00 -654023.79   157%  26.8  610s
 2019620 1646494 -259739.74  118  205 -254719.00 -653996.42   157%  26.8  615s
 2035980 1659715 -357569.08   96  250 -254719.00 -653962.49   157%  26.8  620s
 2051437 1671557 -407958.50   67  264 -254719.00 -653925.20   157%  26.8  625s
 2066791 1683827 -640886.77   37  390 -254719.00 -653902.18   157%  26.8  630s
 2081721 1697008 -605966.26   56  325 -254719.00 -653881.06   157%  26.8  635s
 2097605 1710218 -521792.53   51  280 -254719.00 -653859.67   157%  26.8  640s
 2113141 1722367 -483867.26   62  308 -254719.00 -653824.59   157%  26.8  645s
H2128819 1732319                    -255167.0000 -653794.21   156%  26.8  650s
 2142892 1744279     cutoff  110      -255167.00 -653775.39   156%  26.8  655s
 2156888 1755248 -257381.48  171  203 -255167.00 -653754.32   156%  26.8  660s
 2171546 1768058 -312899.14  130  190 -255167.00 -653726.53   156%  26.9  665s
H2183104 1766267                    -256693.0000 -653703.19   155%  26.8  669s
 2185824 1769102 -367457.51   76  265 -256693.00 -653697.70   155%  26.8  670s
 2200652 1781622 -327511.49   97  197 -256693.00 -653677.54   155%  26.9  675s
H2205277 1784991                    -256694.0000 -653666.68   155%  26.8  676s
 2215151 1793567 -305496.47   92  264 -256694.00 -653651.71   155%  26.9  680s
 2231733 1807084 -625793.01   48  346 -256694.00 -653619.94   155%  26.9  685s
 2246701 1819791 -487521.99   82  274 -256694.00 -653592.11   155%  26.9  690s
H2252118 1824253                    -256695.0000 -653592.11   155%  26.9  691s
 2261470 1832797 -283496.66  117  231 -256695.00 -653577.06   155%  26.9  695s
H2266994 1836931                    -256696.0000 -653568.56   155%  26.9  696s
 2270462 1839589     cutoff  218      -256696.00 -653568.56   155%  26.9  700s
 2284932 1852164 -627327.84   31  308 -256696.00 -653539.21   155%  26.9  705s
 2300243 1864626 -490544.46   67  367 -256696.00 -653504.05   155%  26.9  710s
 2314985 1876524 -639133.76   41  337 -256696.00 -653473.09   155%  26.9  715s
 2331105 1889902     cutoff  132      -256696.00 -653453.00   155%  26.9  720s
H2334362 1892041                    -256698.0000 -653446.90   155%  26.9  721s
 2346881 1903045 -615641.31   45  330 -256698.00 -653429.51   155%  26.9  725s
H2347921 1903449                    -256699.0000 -653427.23   155%  26.9  725s
 2360787 1914341 -350258.10   85  287 -256699.00 -653401.31   155%  26.9  730s
 2375662 1926265 -317122.73   77  265 -256699.00 -653371.02   155%  26.9  735s
H2376375 1926247                    -256700.0000 -653371.02   155%  26.9  735s
 2389888 1937461 -617824.23   40  363 -256700.00 -653336.77   155%  26.9  740s
 2405841 1949215 -365240.04   87  275 -256700.00 -653298.64   154%  26.9  745s
 2421020 1961072     cutoff  122      -256700.00 -653271.21   154%  26.9  750s
 2436136 1972795 -630019.47   45  312 -256700.00 -653226.71   154%  26.9  755s
H2443804 1978374                    -256702.0000 -653203.12   154%  26.9  757s
 2451172 1985240 -460862.01   57  286 -256702.00 -653195.32   154%  26.9  760s
H2458211 1990793                    -256703.0000 -653189.93   154%  26.9  762s
 2465043 1997291 -349651.80   92  273 -256703.00 -653176.35   154%  26.9  765s
 2479282 2007919 -450493.17   64  297 -256703.00 -653133.12   154%  26.9  770s
 2493848 2019903 -342539.28   89  296 -256703.00 -653107.27   154%  26.9  775s
 2508546 2031416 -323542.65  124  218 -256703.00 -653079.56   154%  26.9  780s
H2514845 2035910                    -256704.0000 -653063.84   154%  26.9  782s
 2522486 2042558 -277409.19  116  144 -256704.00 -653050.63   154%  26.9  785s
H2528912 2047213                    -256705.0000 -653035.22   154%  26.9  787s
 2536841 2054305 -400940.17   74  286 -256705.00 -653023.89   154%  26.9  790s
 2551427 2065508 -260331.11  113  195 -256705.00 -652984.94   154%  26.9  795s
 2566456 2077674 -555967.79   59  338 -256705.00 -652954.58   154%  26.9  800s
 2581952 2090274 -406001.52   69  249 -256705.00 -652926.34   154%  26.9  805s
H2586799 2093349                    -256706.0000 -652916.21   154%  26.9  806s
 2596826 2102233 -636200.50   35  347 -256706.00 -652899.58   154%  26.9  810s

Interrupt request received

Cutting planes:
  Gomory: 33
  RLT: 96

Explored 2605553 nodes (70100651 simplex iterations) in 813.01 seconds
Thread count was 8 (of 8 available processors)

Solution count 10: -256706 -256705 -256704 ... -256695

Solve interrupted
Best objective -2.567060000000e+05, best bound -6.528907927108e+05, gap 154.3341%

ans =

     0   111   132    22   119   255   174   255   144     0   108


ans =

   255   224     0   255   111   179   255    49    12     1   135


ans =

    10   164   255   128     0   116    87   250    53   248   255


ans =

     -256707

