Academic license - for non-commercial use only - expires 2021-06-20
Gurobi Optimizer version 9.1.1 build v9.1.1rc0 (win64)
Thread count: 4 physical cores, 8 logical processors, using up to 8 threads
Optimize a model with 534 rows, 70 columns and 534 nonzeros
Model fingerprint: 0xe77c6155
Model has 660 quadratic constraints
Variable types: 34 continuous, 36 integer (0 binary)
Coefficient statistics:
  Matrix range     [1e+00, 1e+00]
  QMatrix range    [1e+00, 2e+00]
  QLMatrix range   [1e+00, 5e+02]
  Objective range  [1e+00, 1e+00]
  Bounds range     [0e+00, 0e+00]
  RHS range        [3e+02, 2e+05]
  QRHS range       [2e+04, 2e+05]
Found heuristic solution: objective 0.0000000
Presolve added 126 rows and 78 columns
Presolve time: 0.02s
Presolved: 1170 rows, 382 columns, 4260 nonzeros
Presolved model has 234 bilinear constraint(s)
Variable types: 112 continuous, 270 integer (0 binary)

Root relaxation: objective -7.953720e+05, 677 iterations, 0.00 seconds

    Nodes    |    Current Node    |     Objective Bounds      |     Work
 Expl Unexpl |  Obj  Depth IntInf | Incumbent    BestBd   Gap | It/Node Time

     0     0 -795372.04    0  438    0.00000 -795372.04      -     -    0s
H    0     0                    -118920.0000 -795372.04   569%     -    0s
     0     0 -795222.85    0  326 -118920.00 -795222.85   569%     -    0s
     0     0 -795208.42    0  314 -118920.00 -795208.42   569%     -    0s
     0     0 -795128.01    0  343 -118920.00 -795128.01   569%     -    0s
     0     0 -795101.01    0  309 -118920.00 -795101.01   569%     -    0s
     0     0 -795101.01    0  310 -118920.00 -795101.01   569%     -    0s
     0     0 -795101.01    0  309 -118920.00 -795101.01   569%     -    0s
     0     0 -795101.01    0  310 -118920.00 -795101.01   569%     -    0s
     0     0 -795101.01    0  317 -118920.00 -795101.01   569%     -    0s
     0     0 -795101.01    0  294 -118920.00 -795101.01   569%     -    0s
     0     0 -795101.01    0  297 -118920.00 -795101.01   569%     -    0s
     0     0 -795101.01    0  314 -118920.00 -795101.01   569%     -    0s
     0     0 -795101.01    0  312 -118920.00 -795101.01   569%     -    0s
     0     2 -795101.01    0  312 -118920.00 -795101.01   569%     -    0s
H  493   527                    -121133.0000 -772684.97   538%  36.9    0s
H  840   866                    -140854.0000 -772684.97   449%  32.1    0s
H 1130  1163                    -152226.0000 -772684.97   408%  31.7    0s
H 1250  1306                    -171781.0000 -772684.97   350%  31.3    0s
H 4487  3823                    -208326.0000 -766641.35   268%  33.6    2s
H 4660  3794                    -208943.0000 -766641.35   267%  32.9    2s
H 4847  3734                    -222900.0000 -766641.35   244%  32.4    2s
H 5232  3867                    -222905.0000 -766641.35   244%  31.3    2s
* 5421  3845             206    -222907.0000 -766641.35   244%  30.8    2s
H 8700  5395                    -225739.0000 -754358.66   234%  27.7    3s
* 8713  5288             272    -225740.0000 -754358.66   234%  27.7    3s
 11889  8076 -689116.11   23  354 -225740.00 -750751.65   233%  27.7    5s
H13170  9001                    -227244.0000 -750751.65   230%  28.0    5s
*13576  9299             271    -227245.0000 -750751.65   230%  27.8    5s
H14388  9864                    -231546.0000 -750751.65   224%  27.9    5s
H14391  9864                    -231548.0000 -750751.65   224%  27.9    5s
*14480  9860             246    -231732.0000 -750751.65   224%  27.8    5s
*14483  9860             248    -231796.0000 -750751.65   224%  27.8    5s
*14485  9859             249    -231868.0000 -750751.65   224%  27.8    5s
H17216 12303                    -232802.0000 -750751.65   222%  27.7    7s
H18638 13395                    -232883.0000 -742689.36   219%  27.5    7s
H19407 14134                    -234673.0000 -742689.36   216%  27.5    8s
H19986 14523                    -238055.0000 -741870.75   212%  27.4    8s
H19989 14523                    -238056.0000 -741870.75   212%  27.4    8s
*20050 14507             189    -238061.0000 -741870.75   212%  27.3    8s
*22374 16040             224    -243890.0000 -738788.93   203%  27.0    9s
 25151 18566 -472376.26  100  299 -243890.00 -738239.29   203%  27.9   10s
H36154 27714                    -243891.0000 -736832.36   202%  28.3   13s
 39643 31433 -594250.88   41  334 -243891.00 -735981.48   202%  28.2   15s
 55297 44604     cutoff  126      -243891.00 -728762.94   199%  27.7   20s
 70376 57956 -267341.56  168  216 -243891.00 -727739.11   198%  28.4   25s
 83930 69945     cutoff  171      -243891.00 -725500.83   197%  29.3   30s
 97795 81908 -255443.14   94  285 -243891.00 -723955.98   197%  29.6   35s
 112037 93850 -606028.39   54  361 -243891.00 -723106.33   196%  29.6   40s
 126455 105298 -266566.58  110  237 -243891.00 -721659.95   196%  29.6   45s
H139678 116255                    -243966.0000 -720836.22   195%  29.8   49s
*140370 116940             233    -243967.0000 -720688.46   195%  29.8   49s
 141255 118634 -336229.61   78  341 -243967.00 -720688.46   195%  29.9   50s
*144033 119836             293    -244531.0000 -720620.61   195%  29.7   51s
H145316 120744                    -245177.0000 -720510.39   194%  29.7   51s
*145735 121035             367    -245178.0000 -720510.39   194%  29.6   53s
 148781 124030 -429572.82   77  326 -245178.00 -720201.41   194%  29.6   55s
H149132 123811                    -245307.0000 -720178.92   194%  29.6   55s
 162972 135481 -522549.00   57  369 -245307.00 -719256.68   193%  30.0   60s
H163165 135478                    -245308.0000 -719256.68   193%  30.0   60s
H171176 142260                    -245373.0000 -718526.68   193%  29.9   63s
 176662 146693 -673954.23   34  445 -245373.00 -718092.11   193%  29.8   65s
 190158 157643 -567671.89   64  309 -245373.00 -717405.26   192%  30.1   70s
 201118 166662 -615187.20   52  330 -245373.00 -716902.50   192%  30.3   75s
 214396 178056 -322048.07  106  383 -245373.00 -716373.43   192%  30.5   80s
 229831 190735 -544148.46   58  361 -245373.00 -715721.81   192%  30.1   85s
H235868 195149                    -245374.0000 -715375.57   192%  30.1   86s
 244642 202625 -674762.15   36  402 -245374.00 -714892.68   191%  30.1   90s
 257536 213459 -318655.81  152  115 -245374.00 -714566.47   191%  30.1   95s
 270541 225296 -589862.94   55  329 -245374.00 -714389.05   191%  30.3  100s
 284903 236921 -664745.19   31  382 -245374.00 -713873.09   191%  30.2  105s
 298699 249887 -492038.29   73  353 -245374.00 -713853.88   191%  30.4  110s
 312619 261238     cutoff  162      -245374.00 -713315.35   191%  30.3  115s
 327075 274557 -260323.69  153  139 -245374.00 -713105.79   191%  30.3  120s
H327821 272182                    -247367.0000 -713105.79   188%  30.3  120s
 342142 284921 -262616.01  135  299 -247367.00 -712881.74   188%  30.2  125s
 356960 298164 -449547.11   66  313 -247367.00 -712684.26   188%  30.1  130s
 370886 310149 -645822.50   41  394 -247367.00 -712474.69   188%  30.1  135s
 384625 321767 -472288.57   80  328 -247367.00 -712236.98   188%  30.2  140s
H388166 324644                    -247368.0000 -712223.37   188%  30.2  141s
 399225 334492 -612147.61   59  328 -247368.00 -712135.02   188%  30.1  145s
 414109 346924 -404215.16  147  300 -247368.00 -711904.17   188%  30.1  150s
 428984 358892 -254838.88  146  194 -247368.00 -711629.91   188%  30.0  155s
 443707 370956 -603517.65   65  366 -247368.00 -711427.27   188%  30.0  160s
H454281 379994                    -247369.0000 -711360.13   188%  30.0  163s
 458239 384238 -248685.85  151  291 -247369.00 -711289.86   188%  30.0  165s
 471969 396051 -643744.74   39  377 -247369.00 -711131.98   187%  30.0  170s
 487393 408479 -278423.89  110  238 -247369.00 -710883.66   187%  29.9  175s
 501947 420860 -470762.23   82  308 -247369.00 -710676.34   187%  29.9  180s
 516962 434042 -293053.76  104  252 -247369.00 -710551.97   187%  29.9  185s
 530697 445755 -314259.51  146  170 -247369.00 -710396.62   187%  29.9  190s
 545510 458156 -655868.46   33  385 -247369.00 -710157.18   187%  29.9  195s
 559658 470932 -292238.09  108  205 -247369.00 -710069.24   187%  29.9  200s
 574728 484463 -495311.14   59  385 -247369.00 -709914.42   187%  29.9  205s
 589364 496266 -298905.39  107  336 -247369.00 -709712.14   187%  29.9  210s
 598232 502527 -626937.33   39  342 -247369.00 -709602.78   187%  29.8  215s
 611634 514851 -315090.42  164  218 -247369.00 -709572.22   187%  29.8  220s
 627119 528037     cutoff  109      -247369.00 -709368.04   187%  29.8  225s
 642234 541620 -267308.97  173  122 -247369.00 -709278.71   187%  29.8  230s
 656142 553798 -392601.96   94  318 -247369.00 -709151.11   187%  29.8  235s
 671310 567361 -498293.68  102  283 -247369.00 -709088.25   187%  29.8  240s
 686125 579297     cutoff  148      -247369.00 -708903.18   187%  29.8  245s
 701047 591388 -274112.70   98  198 -247369.00 -708684.45   186%  29.8  250s
 715838 603813 -324872.17  110  266 -247369.00 -708593.92   186%  29.8  255s
 730336 616195     cutoff  158      -247369.00 -708505.64   186%  29.7  260s
 746150 628365 -321889.49  110  258 -247369.00 -708373.78   186%  29.7  265s
 760086 640292 -319763.99  121  280 -247369.00 -708292.17   186%  29.7  270s
 775066 654111 -306682.73  148  267 -247369.00 -708227.16   186%  29.7  275s
 789983 666168 -656172.11   43  362 -247369.00 -708138.50   186%  29.7  280s
 805675 680474 -597326.78   40  333 -247369.00 -708090.02   186%  29.6  285s
 820656 694176 -357056.76   79  288 -247369.00 -708013.03   186%  29.6  290s
 834276 705678 -297054.04  136  194 -247369.00 -707942.71   186%  29.5  295s
 849874 719101 -285819.35  114  266 -247369.00 -707865.97   186%  29.5  300s
 863854 731435 -416049.14   97  330 -247369.00 -707786.32   186%  29.5  305s
 878171 743528 -312720.38  105  266 -247369.00 -707732.41   186%  29.5  310s
 893722 756442 -373356.44   69  305 -247369.00 -707670.95   186%  29.5  315s
 907738 768598 -358393.69   77  312 -247369.00 -707594.23   186%  29.5  320s
 922788 781243 -363770.44  139  257 -247369.00 -707536.37   186%  29.5  325s
 937995 794735 -378970.40  122  254 -247369.00 -707480.66   186%  29.5  330s
 952573 807028 -283879.60  161  199 -247369.00 -707408.41   186%  29.5  335s
 968020 820279 -287505.05  141  182 -247369.00 -707374.37   186%  29.5  340s
*972754 802565             175    -254079.0000 -707351.58   178%  29.5  341s
H979587 807674                    -254080.0000 -707316.68   178%  29.5  343s
 982604 810549 -307349.34  119  293 -254080.00 -707309.43   178%  29.5  345s
 997661 823271 -334149.27  134  206 -254080.00 -707256.99   178%  29.4  350s
 1013420 836922 -340554.52   92  284 -254080.00 -707194.36   178%  29.5  355s
 1028465 850048 -405399.82   98  305 -254080.00 -707156.31   178%  29.4  360s
H1034957 852251                    -254987.0000 -707130.41   177%  29.4  362s
 1042344 857857 -477125.99   80  327 -254987.00 -707103.62   177%  29.4  365s
H1048929 863310                    -254988.0000 -707078.75   177%  29.4  367s
 1056020 869097 -610522.79   47  387 -254988.00 -707031.25   177%  29.4  370s
 1070498 882082 -378402.41  127  269 -254988.00 -706991.45   177%  29.4  375s
H1082191 891191                    -254989.0000 -706912.66   177%  29.4  378s
 1085534 893751 -631030.19   40  379 -254989.00 -706892.41   177%  29.4  380s
H1097679 903218                    -254990.0000 -706827.52   177%  29.4  384s
 1100119 905714 -532552.00   74  324 -254990.00 -706811.73   177%  29.4  385s
H1103485 908152                    -254991.0000 -706811.73   177%  29.4  386s
H1104548 909133                    -255081.0000 -706808.97   177%  29.4  386s
*1110378 913407             314    -255082.0000 -706764.30   177%  29.4  388s
H1114212 916408                    -255083.0000 -706728.48   177%  29.4  389s
 1114988 916989 -623063.84   39  374 -255083.00 -706722.84   177%  29.4  390s
H1117952 918754                    -255099.0000 -706697.01   177%  29.4  391s
 1130699 929489 -355896.80  102  261 -255099.00 -706612.86   177%  29.4  395s
H1131571 929746                    -255115.0000 -706612.86   177%  29.4  395s
H1131781 929722                    -255117.0000 -706612.86   177%  29.4  395s
 1137932 935691 -325681.78   76  238 -255117.00 -706591.99   177%  29.4  400s
 1152526 947400 -704835.82   31  422 -255117.00 -706531.76   177%  29.4  405s
 1167780 960350 -539042.23   51  360 -255117.00 -706455.81   177%  29.3  410s
 1182343 973030 -589875.08   49  381 -255117.00 -706399.74   177%  29.4  415s
 1197978 986941 -578782.93   53  338 -255117.00 -706350.48   177%  29.4  420s
H1198939 987946                    -255118.0000 -706350.48   177%  29.4  420s
 1212976 999788 -279610.79  175  143 -255118.00 -706328.78   177%  29.4  425s
H1218551 1001265                    -255862.0000 -706287.38   176%  29.3  427s
 1227682 1008798 -287714.98   97  211 -255862.00 -706230.80   176%  29.3  430s
 1242566 1020906     cutoff  137      -255862.00 -706151.52   176%  29.3  435s
 1255015 1032076 -349085.73   98  314 -255862.00 -706114.44   176%  29.3  440s
 1269933 1044638 -298597.18  136  218 -255862.00 -706044.87   176%  29.3  445s
H1272296 1045959                    -255863.0000 -706030.48   176%  29.3  445s
H1279253 1042440                    -257960.0000 -706015.09   174%  29.3  447s
*1280204 1042827             239    -258052.0000 -706005.22   174%  29.3  448s
H1280307 1042736                    -258069.0000 -706005.22   174%  29.3  448s
H1281434 1043784                    -258118.0000 -706005.22   174%  29.3  448s
 1285066 1047787 -505127.45   85  266 -258118.00 -706005.22   174%  29.3  450s
H1292892 1054355                    -258119.0000 -706005.22   174%  29.3  452s
 1298979 1059990 -499852.39   88  282 -258119.00 -705975.99   174%  29.3  455s
H1307072 1066470                    -258120.0000 -705944.45   173%  29.3  457s
 1313538 1072185 -390592.38  107  330 -258120.00 -705907.35   173%  29.3  460s
 1327957 1084714 -620264.11   53  344 -258120.00 -705870.91   173%  29.4  465s
H1336586 1091878                    -258121.0000 -705846.51   173%  29.4  467s
 1342792 1097873 -440501.40  102  362 -258121.00 -705827.50   173%  29.4  470s
H1349926 1103356                    -258122.0000 -705796.33   173%  29.4  472s
H1350154 1103352                    -258123.0000 -705795.78   173%  29.4  472s
 1357206 1109965 -528605.74   55  344 -258123.00 -705771.74   173%  29.4  475s
 1371346 1122087 -463568.26   91  281 -258123.00 -705729.37   173%  29.4  480s
 1386638 1134312 -293447.73  116  224 -258123.00 -705677.30   173%  29.4  485s
H1389139 1136668                    -258124.0000 -705669.79   173%  29.4  486s
H1400464 1145331                    -258125.0000 -705637.75   173%  29.4  489s
 1400581 1145864 -659532.77   44  389 -258125.00 -705637.75   173%  29.4  490s
H1401116 1145858                    -258126.0000 -705637.75   173%  29.4  490s
 1413954 1157613 -506592.74   61  368 -258126.00 -705571.28   173%  29.4  495s
 1428105 1169296 -272472.06  147  181 -258126.00 -705515.40   173%  29.4  500s
 1442155 1181348 -623627.54   39  384 -258126.00 -705458.95   173%  29.4  505s
H1450609 1187512                    -258204.0000 -705410.28   173%  29.4  508s
*1451486 1188175             221    -258205.0000 -705397.79   173%  29.4  508s
 1455959 1191738 -519935.68   53  333 -258205.00 -705370.92   173%  29.5  510s
H1464980 1198897                    -258206.0000 -705322.40   173%  29.5  513s
 1469515 1203713 -295455.18  131  182 -258206.00 -705311.22   173%  29.5  515s
 1483608 1215452 -431765.52  114  277 -258206.00 -705262.46   173%  29.5  520s
 1498112 1226660 -265534.37  103  230 -258206.00 -705177.36   173%  29.5  525s
 1512241 1238781     cutoff  119      -258206.00 -705124.91   173%  29.5  530s
 1526203 1250504 -598744.17   41  364 -258206.00 -705052.15   173%  29.5  535s
H1536731 1258198                    -258207.0000 -704996.55   173%  29.5  538s
 1540526 1261625 -513904.19   60  306 -258207.00 -704971.03   173%  29.5  540s
 1554114 1272500     cutoff  115      -258207.00 -704904.23   173%  29.5  545s
 1568826 1283700 -424679.30   64  357 -258207.00 -704813.12   173%  29.5  550s
 1582979 1296532 -432115.07  115  275 -258207.00 -704768.70   173%  29.5  555s
 1595981 1308388 -319529.35  132  187 -258207.00 -704737.45   173%  29.5  560s
 1610540 1320640 -669811.87   37  376 -258207.00 -704661.68   173%  29.5  565s
H1623837 1331899                    -258209.0000 -704613.60   173%  29.5  570s
 1637271 1344022     cutoff   99      -258209.00 -704592.15   173%  29.6  575s
 1650602 1354446 -667711.31   45  334 -258209.00 -704496.95   173%  29.6  580s
 1665253 1366921 -303926.48   91  301 -258209.00 -704446.15   173%  29.6  585s
 1672658 1374084 -386568.05  105  246 -258209.00 -704427.15   173%  29.6  590s
 1686762 1385951 -321066.52   91  274 -258209.00 -704380.25   173%  29.6  595s
 1699922 1397412 -292382.36  124  183 -258209.00 -704349.68   173%  29.6  600s
 1715014 1409120     cutoff  135      -258209.00 -704279.27   173%  29.6  605s
 1728364 1421024 -580505.57   57  345 -258209.00 -704248.23   173%  29.6  610s
 1741010 1432488 -482583.35   72  285 -258209.00 -704217.80   173%  29.6  615s
 1754927 1443500 -505684.73   69  354 -258209.00 -704158.74   173%  29.6  620s
 1766432 1452617 -415621.09   85  324 -258209.00 -704117.58   173%  29.6  625s
 1779262 1463732 -439952.45   82  301 -258209.00 -704092.41   173%  29.6  630s
 1792303 1474309 -258236.81  130  258 -258209.00 -704041.04   173%  29.6  635s
 1804771 1485113 -302703.78  110  186 -258209.00 -704009.51   173%  29.6  640s
 1818132 1496056 -291321.49  138  157 -258209.00 -703969.16   173%  29.6  645s
 1831439 1507448 -586848.44   57  290 -258209.00 -703941.19   173%  29.6  650s
 1844263 1518519 -352665.34   89  310 -258209.00 -703904.61   173%  29.5  655s
 1857704 1529456 -301777.58   88  230 -258209.00 -703864.48   173%  29.5  660s
 1870186 1539959 -554661.33   48  330 -258209.00 -703835.95   173%  29.5  665s
 1883100 1551099 -279079.40  164  148 -258209.00 -703813.07   173%  29.5  670s
 1895561 1562027 -512805.54   76  331 -258209.00 -703790.56   173%  29.5  675s
 1909342 1573219 -662907.35   36  394 -258209.00 -703754.32   173%  29.5  680s
 1921672 1584066 -637408.59   37  321 -258209.00 -703730.50   173%  29.5  685s
 1935834 1595470 -629377.86   40  348 -258209.00 -703694.25   173%  29.5  690s
 1948455 1607059 -347778.72   84  298 -258209.00 -703669.36   173%  29.5  695s
 1961720 1617413 -262758.11  111  248 -258209.00 -703618.11   172%  29.5  700s
 1974965 1628820     cutoff  152      -258209.00 -703587.01   172%  29.5  705s
 1988865 1641723 -399394.61  140  256 -258209.00 -703575.16   172%  29.5  710s
 2002178 1653595 -321703.34  118  166 -258209.00 -703544.30   172%  29.5  715s
 2016321 1665950 -670059.49   35  346 -258209.00 -703510.44   172%  29.5  720s
 2028684 1675638 -582590.51   57  380 -258209.00 -703462.20   172%  29.5  725s
 2041836 1686642 -362432.99  165  290 -258209.00 -703434.59   172%  29.5  730s
 2055332 1698207 -271116.83  171  206 -258209.00 -703376.97   172%  29.5  735s
 2068291 1708324 -514337.07   70  311 -258209.00 -703336.43   172%  29.5  740s
 2081829 1719750 -449670.48   66  322 -258209.00 -703292.34   172%  29.5  745s
 2094761 1730676 -518824.03   50  336 -258209.00 -703255.37   172%  29.5  750s
 2107803 1741432     cutoff  104      -258209.00 -703212.77   172%  29.5  755s
 2120656 1751289 -386221.91   69  353 -258209.00 -703167.93   172%  29.5  760s
 2134296 1761916 -539904.37   74  410 -258209.00 -703114.06   172%  29.5  765s
 2140774 1766452 -313989.13  124  325 -258209.00 -703089.54   172%  29.5  770s
 2151678 1776940 -327794.25  142  211 -258209.00 -703074.67   172%  29.5  775s
 2165166 1788397 -320261.49  113  237 -258209.00 -703034.10   172%  29.5  780s
 2177475 1799421 -394492.45  136  296 -258209.00 -703018.68   172%  29.6  785s
 2190132 1811276 -331065.16  183  177 -258209.00 -703002.58   172%  29.6  790s
 2203097 1821594 -604110.46   57  375 -258209.00 -702938.73   172%  29.6  795s
 2215555 1832672 -649635.13   38  373 -258209.00 -702907.64   172%  29.6  800s
 2228301 1842906 -393898.93   96  342 -258209.00 -702855.86   172%  29.6  805s
 2241285 1853703 -302533.67   95  280 -258209.00 -702825.99   172%  29.6  810s
 2253281 1864175 -367386.47  107  308 -258209.00 -702778.93   172%  29.6  815s

Interrupt request received

Cutting planes:
  Gomory: 36
  RLT: 123

Explored 2258948 nodes (66895170 simplex iterations) in 817.01 seconds
Thread count was 8 (of 8 available processors)

Solution count 10: -258209 -258207 -258206 ... -258122

Solve interrupted
Best objective -2.582090000000e+05, best bound -7.027691992760e+05, gap 172.1707%

ans =

   128   109    44   114   149     0     5   105     9   255     0   173


ans =

    22   196   255   255     0   194   255   121    12    65     0   255


ans =

    22   173   145   255   239    96     0   255   255   255   132   100


ans =

     -258214

